0 verbose cli C:\Program Files\nodejs\node.exe C:\Program Files\nodejs\node_modules\npm\bin\npm-cli.js
1 info using npm@11.12.1
2 info using node@v24.15.0
3 silly config load:file:C:\Program Files\nodejs\node_modules\npm\npmrc
4 silly config load:file:C:\Users\USER\Desktop\evo\.npmrc
5 silly config load:file:C:\Users\USER\.npmrc
6 silly config load:file:C:\Users\USER\Desktop\evo\.appdata\npm\etc\npmrc
7 verbose title npm create next-app@16.2.4 . --ts --tailwind --eslint --app --src-dir --import-alias @/*
8 verbose argv "create" "next-app@16.2.4" "." "--" "--ts" "--tailwind" "--eslint" "--app" "--src-dir" "--import-alias" "@/*"
9 verbose logfile logs-max:10 dir:C:\Users\USER\Desktop\evo\.npm-cache\_logs\2026-05-06T12_49_15_396Z-
10 verbose logfile C:\Users\USER\Desktop\evo\.npm-cache\_logs\2026-05-06T12_49_15_396Z-debug-0.log
11 silly logfile done cleaning log files
12 silly packumentCache heap:4496293888 maxSize:1124073472 maxEntrySize:562036736
13 http fetch GET 200 https://registry.npmjs.org/create-next-app 82ms (cache revalidated)
14 silly packumentCache heap:4496293888 maxSize:1124073472 maxEntrySize:562036736
15 verbose stack Error: command failed
15 verbose stack     at promiseSpawn (C:\Program Files\nodejs\node_modules\npm\node_modules\@npmcli\promise-spawn\lib\index.js:22:22)
15 verbose stack     at spawnWithShell (C:\Program Files\nodejs\node_modules\npm\node_modules\@npmcli\promise-spawn\lib\index.js:124:10)
15 verbose stack     at promiseSpawn (C:\Program Files\nodejs\node_modules\npm\node_modules\@npmcli\promise-spawn\lib\index.js:12:12)
15 verbose stack     at runScriptPkg (C:\Program Files\nodejs\node_modules\npm\node_modules\@npmcli\run-script\lib\run-script-pkg.js:79:13)
15 verbose stack     at runScript (C:\Program Files\nodejs\node_modules\npm\node_modules\@npmcli\run-script\lib\run-script.js:9:12)
15 verbose stack     at run (C:\Program Files\nodejs\node_modules\npm\node_modules\libnpmexec\lib\run-script.js:60:10)
15 verbose stack     at async exec (C:\Program Files\nodejs\node_modules\npm\node_modules\libnpmexec\lib\index.js:312:10)
15 verbose stack     at async Init.execCreate (C:\Program Files\nodejs\node_modules\npm\lib\commands\init.js:141:5)
15 verbose stack     at async Init.exec (C:\Program Files\nodejs\node_modules\npm\lib\commands\init.js:46:14)
15 verbose stack     at async Npm.exec (C:\Program Files\nodejs\node_modules\npm\lib\npm.js:193:9)
16 error code 1
17 error path C:\Users\USER\Desktop\evo
18 error command failed
19 error command C:\WINDOWS\system32\cmd.exe /d /s /c create-next-app . --ts --tailwind --eslint --app --src-dir --import-alias @/*
20 verbose cwd C:\Users\USER\Desktop\evo
21 verbose os Windows_NT 10.0.26200
22 verbose node v24.15.0
23 verbose npm  v11.12.1
24 verbose exit 1
25 verbose code 1
26 error A complete log of this run can be found in: C:\Users\USER\Desktop\evo\.npm-cache\_logs\2026-05-06T12_49_15_396Z-debug-0.log
