0 verbose cli C:\Program Files\nodejs\node.exe C:\Program Files\nodejs\node_modules\npm\bin\npm-cli.js
1 info using npm@11.12.1
2 info using node@v24.15.0
3 silly config load:file:C:\Program Files\nodejs\node_modules\npm\npmrc
4 silly config load:file:C:\Users\USER\Desktop\evo\web\.npmrc
5 silly config load:file:C:\Users\USER\.npmrc
6 silly config load:file:C:\Users\USER\AppData\Roaming\npm\etc\npmrc
7 verbose title npm install prisma @prisma/client
8 verbose argv "install" "prisma" "@prisma/client" "--no-audit" "--no-fund" "--ignore-scripts"
9 verbose logfile logs-max:10 dir:C:\Users\USER\Desktop\evo\.npm-cache\_logs\2026-05-06T12_52_00_293Z-
10 verbose logfile C:\Users\USER\Desktop\evo\.npm-cache\_logs\2026-05-06T12_52_00_293Z-debug-0.log
11 silly logfile done cleaning log files
12 silly packumentCache heap:4496293888 maxSize:1124073472 maxEntrySize:562036736
13 silly idealTree buildDeps
14 silly fetch manifest prisma@*
15 silly packumentCache full:https://registry.npmjs.org/prisma cache-miss
16 http fetch GET 200 https://registry.npmjs.org/prisma 1338ms (cache miss)
17 silly packumentCache full:https://registry.npmjs.org/prisma set size:undefined disposed:false
18 silly fetch manifest better-sqlite3@>=9.0.0
19 silly packumentCache full:https://registry.npmjs.org/better-sqlite3 cache-miss
20 http fetch GET 200 https://registry.npmjs.org/better-sqlite3 46ms (cache miss)
21 silly packumentCache full:https://registry.npmjs.org/better-sqlite3 set size:undefined disposed:false
22 silly fetch manifest typescript@^5
23 silly packumentCache full:https://registry.npmjs.org/typescript cache-miss
24 http cache https://registry.npmjs.org/typescript 30ms (cache hit)
25 silly packumentCache full:https://registry.npmjs.org/typescript set size:15409943 disposed:false
26 silly fetch manifest @prisma/client@*
27 silly packumentCache full:https://registry.npmjs.org/@prisma%2fclient cache-miss
28 http fetch GET 200 https://registry.npmjs.org/@prisma%2fclient 1593ms (cache miss)
29 silly packumentCache full:https://registry.npmjs.org/@prisma%2fclient set size:undefined disposed:false
30 silly placeDep ROOT @prisma/client@7.8.0 OK for: web@0.1.0 want: *
31 silly placeDep ROOT prisma@7.8.0 OK for: web@0.1.0 want: *
32 silly fetch manifest @prisma/client-runtime-utils@7.8.0
33 silly packumentCache full:https://registry.npmjs.org/@prisma%2fclient-runtime-utils cache-miss
34 silly fetch manifest mysql2@3.15.3
35 silly packumentCache full:https://registry.npmjs.org/mysql2 cache-miss
36 silly fetch manifest postgres@3.4.7
37 silly packumentCache full:https://registry.npmjs.org/postgres cache-miss
38 silly fetch manifest @prisma/dev@0.24.3
39 silly packumentCache full:https://registry.npmjs.org/@prisma%2fdev cache-miss
40 silly fetch manifest @prisma/config@7.8.0
41 silly packumentCache full:https://registry.npmjs.org/@prisma%2fconfig cache-miss
42 silly fetch manifest @prisma/engines@7.8.0
43 silly packumentCache full:https://registry.npmjs.org/@prisma%2fengines cache-miss
44 silly fetch manifest @prisma/studio-core@0.27.3
45 silly packumentCache full:https://registry.npmjs.org/@prisma%2fstudio-core cache-miss
46 http fetch GET 200 https://registry.npmjs.org/postgres 121ms (cache miss)
47 silly packumentCache full:https://registry.npmjs.org/postgres set size:undefined disposed:false
48 http fetch GET 200 https://registry.npmjs.org/mysql2 133ms (cache miss)
49 silly packumentCache full:https://registry.npmjs.org/mysql2 set size:undefined disposed:false
50 http fetch GET 200 https://registry.npmjs.org/@prisma%2fdev 156ms (cache miss)
51 silly packumentCache full:https://registry.npmjs.org/@prisma%2fdev set size:undefined disposed:false
52 http fetch GET 200 https://registry.npmjs.org/@prisma%2fconfig 533ms (cache miss)
53 silly packumentCache full:https://registry.npmjs.org/@prisma%2fconfig set size:undefined disposed:false
54 http fetch GET 200 https://registry.npmjs.org/@prisma%2fclient-runtime-utils 574ms (cache miss)
55 silly packumentCache full:https://registry.npmjs.org/@prisma%2fclient-runtime-utils set size:undefined disposed:false
56 http fetch GET 200 https://registry.npmjs.org/@prisma%2fstudio-core 781ms (cache miss)
57 silly packumentCache full:https://registry.npmjs.org/@prisma%2fstudio-core set size:undefined disposed:false
58 http fetch GET 200 https://registry.npmjs.org/@prisma%2fengines 1091ms (cache miss)
59 silly packumentCache full:https://registry.npmjs.org/@prisma%2fengines set size:undefined disposed:false
60 silly placeDep ROOT @prisma/client-runtime-utils@7.8.0 OK for: @prisma/client@7.8.0 want: 7.8.0
61 silly fetch manifest @types/react@^18.0.0 || ^19.0.0
62 silly packumentCache full:https://registry.npmjs.org/@types%2freact cache-miss
63 http cache https://registry.npmjs.org/@types%2freact 19ms (cache hit)
64 silly packumentCache full:https://registry.npmjs.org/@types%2freact set size:2588964 disposed:false
65 silly fetch manifest react@^18.0.0 || ^19.0.0
66 silly packumentCache full:https://registry.npmjs.org/react cache-miss
67 http cache https://registry.npmjs.org/react 20ms (cache hit)
68 silly packumentCache full:https://registry.npmjs.org/react set size:6637568 disposed:false
69 silly fetch manifest react-dom@^18.0.0 || ^19.0.0
70 silly packumentCache full:https://registry.npmjs.org/react-dom cache-miss
71 http cache https://registry.npmjs.org/react-dom 24ms (cache hit)
72 silly packumentCache full:https://registry.npmjs.org/react-dom set size:8846320 disposed:false
73 silly placeDep ROOT @prisma/config@7.8.0 OK for: prisma@7.8.0 want: 7.8.0
74 silly placeDep ROOT @prisma/dev@0.24.3 OK for: prisma@7.8.0 want: 0.24.3
75 silly placeDep ROOT @prisma/engines@7.8.0 OK for: prisma@7.8.0 want: 7.8.0
76 silly placeDep ROOT @prisma/studio-core@0.27.3 OK for: prisma@7.8.0 want: 0.27.3
77 silly placeDep ROOT mysql2@3.15.3 OK for: prisma@7.8.0 want: 3.15.3
78 silly placeDep ROOT postgres@3.4.7 OK for: prisma@7.8.0 want: 3.4.7
79 silly fetch manifest c12@3.3.4
80 silly packumentCache full:https://registry.npmjs.org/c12 cache-miss
81 silly fetch manifest effect@3.20.0
82 silly packumentCache full:https://registry.npmjs.org/effect cache-miss
83 silly fetch manifest empathic@2.0.0
84 silly packumentCache full:https://registry.npmjs.org/empathic cache-miss
85 silly fetch manifest deepmerge-ts@7.1.5
86 silly packumentCache full:https://registry.npmjs.org/deepmerge-ts cache-miss
87 silly fetch manifest hono@^4.12.8
88 silly packumentCache full:https://registry.npmjs.org/hono cache-miss
89 silly fetch manifest pathe@2.0.3
90 silly packumentCache full:https://registry.npmjs.org/pathe cache-miss
91 silly fetch manifest remeda@2.33.4
92 silly packumentCache full:https://registry.npmjs.org/remeda cache-miss
93 silly fetch manifest std-env@3.10.0
94 silly packumentCache full:https://registry.npmjs.org/std-env cache-miss
95 silly fetch manifest valibot@1.2.0
96 silly packumentCache full:https://registry.npmjs.org/valibot cache-miss
97 silly fetch manifest zeptomatch@2.1.0
98 silly packumentCache full:https://registry.npmjs.org/zeptomatch cache-miss
99 silly fetch manifest get-port-please@3.2.0
100 silly packumentCache full:https://registry.npmjs.org/get-port-please cache-miss
101 http fetch GET 200 https://registry.npmjs.org/empathic 55ms (cache miss)
102 silly packumentCache full:https://registry.npmjs.org/empathic set size:undefined disposed:false
103 silly fetch manifest proper-lockfile@4.1.2
104 silly packumentCache full:https://registry.npmjs.org/proper-lockfile cache-miss
105 http fetch GET 200 https://registry.npmjs.org/c12 65ms (cache miss)
106 silly packumentCache full:https://registry.npmjs.org/c12 set size:undefined disposed:false
107 silly fetch manifest foreground-child@3.3.1
108 silly packumentCache full:https://registry.npmjs.org/foreground-child cache-miss
109 http fetch GET 200 https://registry.npmjs.org/pathe 69ms (cache miss)
110 silly packumentCache full:https://registry.npmjs.org/pathe set size:undefined disposed:false
111 silly fetch manifest @hono/node-server@1.19.11
112 silly packumentCache full:https://registry.npmjs.org/@hono%2fnode-server cache-miss
113 http fetch GET 200 https://registry.npmjs.org/deepmerge-ts 91ms (cache miss)
114 silly packumentCache full:https://registry.npmjs.org/deepmerge-ts set size:undefined disposed:false
115 silly fetch manifest http-status-codes@2.3.0
116 silly packumentCache full:https://registry.npmjs.org/http-status-codes cache-miss
117 http fetch GET 200 https://registry.npmjs.org/valibot 119ms (cache miss)
118 silly packumentCache full:https://registry.npmjs.org/valibot set size:undefined disposed:false
119 silly fetch manifest @electric-sql/pglite@0.4.1
120 silly packumentCache full:https://registry.npmjs.org/@electric-sql%2fpglite cache-miss
121 http fetch GET 200 https://registry.npmjs.org/zeptomatch 135ms (cache miss)
122 silly packumentCache full:https://registry.npmjs.org/zeptomatch set size:undefined disposed:false
123 silly fetch manifest @prisma/get-platform@7.2.0
124 silly packumentCache full:https://registry.npmjs.org/@prisma%2fget-platform cache-miss
125 http fetch GET 200 https://registry.npmjs.org/proper-lockfile 83ms (cache miss)
126 silly packumentCache full:https://registry.npmjs.org/proper-lockfile set size:undefined disposed:false
127 silly fetch manifest @prisma/streams-local@0.1.2
128 silly packumentCache full:https://registry.npmjs.org/@prisma%2fstreams-local cache-miss
129 http fetch GET 200 https://registry.npmjs.org/remeda 142ms (cache miss)
130 silly packumentCache full:https://registry.npmjs.org/remeda set size:undefined disposed:false
131 silly fetch manifest @electric-sql/pglite-tools@0.3.1
132 silly packumentCache full:https://registry.npmjs.org/@electric-sql%2fpglite-tools cache-miss
133 http fetch GET 200 https://registry.npmjs.org/foreground-child 84ms (cache miss)
134 silly packumentCache full:https://registry.npmjs.org/foreground-child set size:undefined disposed:false
135 silly fetch manifest @electric-sql/pglite-socket@0.1.1
136 silly packumentCache full:https://registry.npmjs.org/@electric-sql%2fpglite-socket cache-miss
137 http fetch GET 200 https://registry.npmjs.org/std-env 153ms (cache miss)
138 silly packumentCache full:https://registry.npmjs.org/std-env set size:undefined disposed:false
139 silly fetch manifest @prisma/query-plan-executor@7.2.0
140 silly packumentCache full:https://registry.npmjs.org/@prisma%2fquery-plan-executor cache-miss
141 http fetch GET 200 https://registry.npmjs.org/@hono%2fnode-server 94ms (cache miss)
142 silly packumentCache full:https://registry.npmjs.org/@hono%2fnode-server set size:undefined disposed:false
143 silly fetch manifest @prisma/debug@7.8.0
144 silly packumentCache full:https://registry.npmjs.org/@prisma%2fdebug cache-miss
145 http fetch GET 200 https://registry.npmjs.org/http-status-codes 75ms (cache miss)
146 silly packumentCache full:https://registry.npmjs.org/http-status-codes set size:undefined disposed:false
147 silly fetch manifest @prisma/fetch-engine@7.8.0
148 silly packumentCache full:https://registry.npmjs.org/@prisma%2ffetch-engine cache-miss
149 http fetch GET 200 https://registry.npmjs.org/@electric-sql%2fpglite 97ms (cache miss)
150 silly packumentCache full:https://registry.npmjs.org/@electric-sql%2fpglite set size:undefined disposed:false
151 silly fetch manifest @prisma/get-platform@7.8.0
152 silly packumentCache full:https://registry.npmjs.org/@prisma%2fget-platform cache-miss
153 http fetch GET 200 https://registry.npmjs.org/hono 234ms (cache miss)
154 silly packumentCache full:https://registry.npmjs.org/hono set size:undefined disposed:false
155 silly fetch manifest @prisma/engines-version@7.8.0-6.3c6e192761c0362d496ed980de936e2f3cebcd3a
156 silly packumentCache full:https://registry.npmjs.org/@prisma%2fengines-version cache-miss
157 http fetch GET 200 https://registry.npmjs.org/get-port-please 295ms (cache miss)
158 silly packumentCache full:https://registry.npmjs.org/get-port-please set size:undefined disposed:false
159 silly fetch manifest @radix-ui/react-toggle@1.1.10
160 silly packumentCache full:https://registry.npmjs.org/@radix-ui%2freact-toggle cache-miss
161 http fetch GET 200 https://registry.npmjs.org/effect 326ms (cache miss)
162 silly packumentCache full:https://registry.npmjs.org/effect set size:undefined disposed:false
163 silly fetch manifest chart.js@4.5.1
164 silly packumentCache full:https://registry.npmjs.org/chart.js cache-miss
165 http fetch GET 200 https://registry.npmjs.org/@prisma%2fstreams-local 260ms (cache miss)
166 silly packumentCache full:https://registry.npmjs.org/@prisma%2fstreams-local set size:undefined disposed:false
167 silly fetch manifest long@^5.2.1
168 silly packumentCache full:https://registry.npmjs.org/long cache-miss
169 http cache https://registry.npmjs.org/long 9ms (cache hit)
170 silly packumentCache full:https://registry.npmjs.org/long set size:80704 disposed:false
171 silly fetch manifest denque@^2.1.0
172 silly packumentCache full:https://registry.npmjs.org/denque cache-miss
173 http fetch GET 200 https://registry.npmjs.org/@electric-sql%2fpglite-socket 272ms (cache miss)
174 silly packumentCache full:https://registry.npmjs.org/@electric-sql%2fpglite-socket set size:undefined disposed:false
175 silly fetch manifest lru.min@^1.0.0
176 silly packumentCache full:https://registry.npmjs.org/lru.min cache-miss
177 http fetch GET 200 https://registry.npmjs.org/lru.min 141ms (cache miss)
178 silly packumentCache full:https://registry.npmjs.org/lru.min set size:undefined disposed:false
179 silly fetch manifest seq-queue@^0.0.5
180 silly packumentCache full:https://registry.npmjs.org/seq-queue cache-miss
181 http fetch GET 200 https://registry.npmjs.org/denque 182ms (cache miss)
182 silly packumentCache full:https://registry.npmjs.org/denque set size:undefined disposed:false
183 silly fetch manifest sqlstring@^2.3.2
184 silly packumentCache full:https://registry.npmjs.org/sqlstring cache-miss
185 http fetch GET 200 https://registry.npmjs.org/@electric-sql%2fpglite-tools 517ms (cache miss)
186 silly packumentCache full:https://registry.npmjs.org/@electric-sql%2fpglite-tools set size:undefined disposed:false
187 silly fetch manifest iconv-lite@^0.7.0
188 silly packumentCache full:https://registry.npmjs.org/iconv-lite cache-miss
189 http fetch GET 200 https://registry.npmjs.org/@radix-ui%2freact-toggle 431ms (cache miss)
190 silly packumentCache full:https://registry.npmjs.org/@radix-ui%2freact-toggle set size:undefined disposed:false
191 silly fetch manifest aws-ssl-profiles@^1.1.1
192 silly packumentCache full:https://registry.npmjs.org/aws-ssl-profiles cache-miss
193 http fetch GET 200 https://registry.npmjs.org/iconv-lite 138ms (cache miss)
194 silly packumentCache full:https://registry.npmjs.org/iconv-lite set size:undefined disposed:false
195 silly fetch manifest generate-function@^2.3.1
196 silly packumentCache full:https://registry.npmjs.org/generate-function cache-miss
197 http fetch GET 200 https://registry.npmjs.org/chart.js 467ms (cache miss)
198 silly packumentCache full:https://registry.npmjs.org/chart.js set size:undefined disposed:false
199 silly fetch manifest named-placeholders@^1.1.3
200 silly packumentCache full:https://registry.npmjs.org/named-placeholders cache-miss
201 http fetch GET 200 https://registry.npmjs.org/@prisma%2fquery-plan-executor 715ms (cache miss)
202 silly packumentCache full:https://registry.npmjs.org/@prisma%2fquery-plan-executor set size:undefined disposed:false
203 http fetch GET 200 https://registry.npmjs.org/aws-ssl-profiles 154ms (cache miss)
204 silly packumentCache full:https://registry.npmjs.org/aws-ssl-profiles set size:undefined disposed:false
205 http fetch GET 200 https://registry.npmjs.org/seq-queue 342ms (cache miss)
206 silly packumentCache full:https://registry.npmjs.org/seq-queue set size:undefined disposed:false
207 http fetch GET 200 https://registry.npmjs.org/generate-function 134ms (cache miss)
208 silly packumentCache full:https://registry.npmjs.org/generate-function set size:undefined disposed:false
209 http fetch GET 200 https://registry.npmjs.org/sqlstring 343ms (cache miss)
210 silly packumentCache full:https://registry.npmjs.org/sqlstring set size:undefined disposed:false
211 http fetch GET 200 https://registry.npmjs.org/named-placeholders 142ms (cache miss)
212 silly packumentCache full:https://registry.npmjs.org/named-placeholders set size:undefined disposed:false
213 http fetch GET 200 https://registry.npmjs.org/@prisma%2fengines-version 1716ms (cache miss)
214 silly packumentCache full:https://registry.npmjs.org/@prisma%2fengines-version set size:undefined disposed:false
215 http fetch GET 200 https://registry.npmjs.org/@prisma%2fget-platform 2905ms (cache miss)
216 silly packumentCache full:https://registry.npmjs.org/@prisma%2fget-platform set size:undefined disposed:false
217 http fetch GET 200 https://registry.npmjs.org/@prisma%2fget-platform 3381ms (cache miss)
218 silly packumentCache full:https://registry.npmjs.org/@prisma%2fget-platform set size:undefined disposed:false
219 http fetch GET 200 https://registry.npmjs.org/@prisma%2fdebug 3730ms (cache miss)
220 silly packumentCache full:https://registry.npmjs.org/@prisma%2fdebug set size:undefined disposed:false
221 http fetch GET 200 https://registry.npmjs.org/@prisma%2ffetch-engine 4314ms (cache miss)
222 silly packumentCache full:https://registry.npmjs.org/@prisma%2ffetch-engine set size:undefined disposed:false
223 silly fetch manifest magicast@*
224 silly packumentCache full:https://registry.npmjs.org/magicast cache-miss
225 http fetch GET 200 https://registry.npmjs.org/magicast 36ms (cache miss)
226 silly packumentCache full:https://registry.npmjs.org/magicast set size:undefined disposed:false
227 silly placeDep ROOT c12@3.3.4 OK for: @prisma/config@7.8.0 want: 3.3.4
228 silly placeDep ROOT deepmerge-ts@7.1.5 OK for: @prisma/config@7.8.0 want: 7.1.5
229 silly placeDep ROOT effect@3.20.0 OK for: @prisma/config@7.8.0 want: 3.20.0
230 silly placeDep ROOT empathic@2.0.0 OK for: @prisma/config@7.8.0 want: 2.0.0
231 silly fetch manifest chokidar@^5.0.0
232 silly packumentCache full:https://registry.npmjs.org/chokidar cache-miss
233 silly fetch manifest confbox@^0.2.4
234 silly packumentCache full:https://registry.npmjs.org/confbox cache-miss
235 silly fetch manifest defu@^6.1.6
236 silly packumentCache full:https://registry.npmjs.org/defu cache-miss
237 silly fetch manifest dotenv@^17.3.1
238 silly packumentCache full:https://registry.npmjs.org/dotenv cache-miss
239 silly fetch manifest exsolve@^1.0.8
240 silly packumentCache full:https://registry.npmjs.org/exsolve cache-miss
241 silly fetch manifest giget@^3.2.0
242 silly packumentCache full:https://registry.npmjs.org/giget cache-miss
243 silly fetch manifest ohash@^2.0.11
244 silly packumentCache full:https://registry.npmjs.org/ohash cache-miss
245 silly fetch manifest pathe@^2.0.3
246 silly packumentCache full:https://registry.npmjs.org/pathe cache-miss
247 silly fetch manifest perfect-debounce@^2.1.0
248 silly packumentCache full:https://registry.npmjs.org/perfect-debounce cache-miss
249 silly fetch manifest pkg-types@^2.3.0
250 silly packumentCache full:https://registry.npmjs.org/pkg-types cache-miss
251 silly fetch manifest rc9@^3.0.1
252 silly packumentCache full:https://registry.npmjs.org/rc9 cache-miss
253 http cache https://registry.npmjs.org/pathe 13ms (cache hit)
254 silly packumentCache full:https://registry.npmjs.org/pathe set size:68788 disposed:false
255 silly fetch manifest fast-check@^3.23.1
256 silly packumentCache full:https://registry.npmjs.org/fast-check cache-miss
257 http fetch GET 200 https://registry.npmjs.org/perfect-debounce 33ms (cache miss)
258 silly packumentCache full:https://registry.npmjs.org/perfect-debounce set size:undefined disposed:false
259 silly fetch manifest @standard-schema/spec@^1.0.0
260 silly packumentCache full:https://registry.npmjs.org/@standard-schema%2fspec cache-miss
261 http fetch GET 200 https://registry.npmjs.org/exsolve 38ms (cache miss)
262 silly packumentCache full:https://registry.npmjs.org/exsolve set size:undefined disposed:false
263 http fetch GET 200 https://registry.npmjs.org/pkg-types 45ms (cache miss)
264 silly packumentCache full:https://registry.npmjs.org/pkg-types set size:undefined disposed:false
265 http fetch GET 200 https://registry.npmjs.org/defu 51ms (cache miss)
266 silly packumentCache full:https://registry.npmjs.org/defu set size:undefined disposed:false
267 http fetch GET 200 https://registry.npmjs.org/ohash 55ms (cache miss)
268 silly packumentCache full:https://registry.npmjs.org/ohash set size:undefined disposed:false
269 http fetch GET 200 https://registry.npmjs.org/rc9 55ms (cache miss)
270 silly packumentCache full:https://registry.npmjs.org/rc9 set size:undefined disposed:false
271 http fetch GET 200 https://registry.npmjs.org/chokidar 63ms (cache miss)
272 silly packumentCache full:https://registry.npmjs.org/chokidar set size:undefined disposed:false
273 http fetch GET 200 https://registry.npmjs.org/dotenv 72ms (cache miss)
274 silly packumentCache full:https://registry.npmjs.org/dotenv set size:undefined disposed:false
275 http fetch GET 200 https://registry.npmjs.org/giget 76ms (cache miss)
276 silly packumentCache full:https://registry.npmjs.org/giget set size:undefined disposed:false
277 http fetch GET 200 https://registry.npmjs.org/fast-check 86ms (cache miss)
278 silly packumentCache full:https://registry.npmjs.org/fast-check set size:undefined disposed:false
279 http fetch GET 200 https://registry.npmjs.org/@standard-schema%2fspec 73ms (cache miss)
280 silly packumentCache full:https://registry.npmjs.org/@standard-schema%2fspec set size:undefined disposed:false
281 http fetch GET 200 https://registry.npmjs.org/confbox 600ms (cache miss)
282 silly packumentCache full:https://registry.npmjs.org/confbox set size:undefined disposed:false
283 silly fetch manifest typescript@>=5
284 silly packumentCache full:https://registry.npmjs.org/typescript cache-miss
285 http cache https://registry.npmjs.org/typescript 24ms (cache hit)
286 silly packumentCache full:https://registry.npmjs.org/typescript set size:15409943 disposed:false
287 silly placeDep ROOT @electric-sql/pglite@0.4.1 OK for: @prisma/dev@0.24.3 want: 0.4.1
288 silly placeDep ROOT @electric-sql/pglite-socket@0.1.1 OK for: @prisma/dev@0.24.3 want: 0.1.1
289 silly placeDep ROOT @electric-sql/pglite-tools@0.3.1 OK for: @prisma/dev@0.24.3 want: 0.3.1
290 silly placeDep ROOT @hono/node-server@1.19.11 OK for: @prisma/dev@0.24.3 want: 1.19.11
291 silly placeDep ROOT hono@4.12.18 OK for: @hono/node-server@1.19.11 want: ^4
292 silly placeDep ROOT @prisma/get-platform@7.2.0 OK for: @prisma/dev@0.24.3 want: 7.2.0
293 silly placeDep ROOT @prisma/query-plan-executor@7.2.0 OK for: @prisma/dev@0.24.3 want: 7.2.0
294 silly placeDep ROOT @prisma/streams-local@0.1.2 OK for: @prisma/dev@0.24.3 want: 0.1.2
295 silly placeDep ROOT foreground-child@3.3.1 OK for: @prisma/dev@0.24.3 want: 3.3.1
296 silly placeDep ROOT get-port-please@3.2.0 OK for: @prisma/dev@0.24.3 want: 3.2.0
297 silly placeDep ROOT http-status-codes@2.3.0 OK for: @prisma/dev@0.24.3 want: 2.3.0
298 silly placeDep ROOT pathe@2.0.3 OK for: @prisma/dev@0.24.3 want: 2.0.3
299 silly placeDep ROOT proper-lockfile@4.1.2 OK for: @prisma/dev@0.24.3 want: 4.1.2
300 silly placeDep ROOT remeda@2.33.4 OK for: @prisma/dev@0.24.3 want: 2.33.4
301 silly placeDep ROOT std-env@3.10.0 OK for: @prisma/dev@0.24.3 want: 3.10.0
302 silly placeDep ROOT valibot@1.2.0 OK for: @prisma/dev@0.24.3 want: 1.2.0
303 silly placeDep ROOT zeptomatch@2.1.0 OK for: @prisma/dev@0.24.3 want: 2.1.0
304 silly fetch manifest @prisma/debug@7.2.0
305 silly packumentCache full:https://registry.npmjs.org/@prisma%2fdebug cache-miss
306 silly fetch manifest ajv@^8.12.0
307 silly packumentCache full:https://registry.npmjs.org/ajv cache-miss
308 silly fetch manifest env-paths@^3.0.0
309 silly packumentCache full:https://registry.npmjs.org/env-paths cache-miss
310 silly fetch manifest better-result@^2.7.0
311 silly packumentCache full:https://registry.npmjs.org/better-result cache-miss
312 silly fetch manifest proper-lockfile@^4.1.2
313 silly packumentCache full:https://registry.npmjs.org/proper-lockfile cache-miss
314 silly fetch manifest signal-exit@^4.0.1
315 silly packumentCache full:https://registry.npmjs.org/signal-exit cache-miss
316 silly fetch manifest retry@^0.12.0
317 silly packumentCache full:https://registry.npmjs.org/retry cache-miss
318 silly fetch manifest signal-exit@^3.0.2
319 silly packumentCache full:https://registry.npmjs.org/signal-exit cache-miss
320 silly fetch manifest grammex@^3.1.11
321 silly packumentCache full:https://registry.npmjs.org/grammex cache-miss
322 silly fetch manifest graphmatch@^1.1.0
323 silly packumentCache full:https://registry.npmjs.org/graphmatch cache-miss
324 http cache https://registry.npmjs.org/proper-lockfile 19ms (cache hit)
325 silly packumentCache full:https://registry.npmjs.org/proper-lockfile set size:82421 disposed:false
326 http cache https://registry.npmjs.org/ajv 26ms (cache hit)
327 silly packumentCache full:https://registry.npmjs.org/ajv set size:1142658 disposed:false
328 http cache https://registry.npmjs.org/@prisma%2fdebug 66ms (cache hit)
329 silly packumentCache full:https://registry.npmjs.org/@prisma%2fdebug set size:28700336 disposed:false
330 http fetch GET 200 https://registry.npmjs.org/grammex 166ms (cache miss)
331 silly packumentCache full:https://registry.npmjs.org/grammex set size:undefined disposed:false
332 http fetch GET 200 https://registry.npmjs.org/graphmatch 167ms (cache miss)
333 silly packumentCache full:https://registry.npmjs.org/graphmatch set size:undefined disposed:false
334 http fetch GET 200 https://registry.npmjs.org/signal-exit 168ms (cache miss)
335 silly packumentCache full:https://registry.npmjs.org/signal-exit set size:undefined disposed:false
336 http fetch GET 200 https://registry.npmjs.org/signal-exit 169ms (cache miss)
337 silly packumentCache full:https://registry.npmjs.org/signal-exit set size:undefined disposed:false
338 http fetch GET 200 https://registry.npmjs.org/retry 170ms (cache miss)
339 silly packumentCache full:https://registry.npmjs.org/retry set size:undefined disposed:false
340 http fetch GET 200 https://registry.npmjs.org/better-result 217ms (cache miss)
341 silly packumentCache full:https://registry.npmjs.org/better-result set size:undefined disposed:false
342 http fetch GET 200 https://registry.npmjs.org/env-paths 221ms (cache miss)
343 silly packumentCache full:https://registry.npmjs.org/env-paths set size:undefined disposed:false
344 silly placeDep ROOT @prisma/debug@7.8.0 OK for: @prisma/engines@7.8.0 want: 7.8.0
345 silly placeDep ROOT @prisma/engines-version@7.8.0-6.3c6e192761c0362d496ed980de936e2f3cebcd3a OK for: @prisma/engines@7.8.0 want: 7.8.0-6.3c6e192761c0362d496ed980de936e2f3cebcd3a
346 silly placeDep ROOT @prisma/fetch-engine@7.8.0 OK for: @prisma/engines@7.8.0 want: 7.8.0
347 silly placeDep node_modules/@prisma/engines @prisma/get-platform@7.8.0 OK for: @prisma/engines@7.8.0 want: 7.8.0
348 silly placeDep node_modules/@prisma/fetch-engine @prisma/get-platform@7.8.0 OK for: @prisma/fetch-engine@7.8.0 want: 7.8.0
349 silly placeDep node_modules/@prisma/get-platform @prisma/debug@7.2.0 OK for: @prisma/get-platform@7.2.0 want: 7.2.0
350 silly placeDep node_modules/@prisma/streams-local ajv@8.20.0 OK for: @prisma/streams-local@0.1.2 want: ^8.12.0
351 silly placeDep ROOT better-result@2.9.2 OK for: @prisma/streams-local@0.1.2 want: ^2.7.0
352 silly placeDep ROOT env-paths@3.0.0 OK for: @prisma/streams-local@0.1.2 want: ^3.0.0
353 silly fetch manifest fast-uri@^3.0.1
354 silly packumentCache full:https://registry.npmjs.org/fast-uri cache-miss
355 silly fetch manifest json-schema-traverse@^1.0.0
356 silly packumentCache full:https://registry.npmjs.org/json-schema-traverse cache-miss
357 silly fetch manifest require-from-string@^2.0.2
358 silly packumentCache full:https://registry.npmjs.org/require-from-string cache-miss
359 http cache https://registry.npmjs.org/json-schema-traverse 5ms (cache hit)
360 silly packumentCache full:https://registry.npmjs.org/json-schema-traverse set size:23537 disposed:false
361 http fetch GET 200 https://registry.npmjs.org/require-from-string 26ms (cache miss)
362 silly packumentCache full:https://registry.npmjs.org/require-from-string set size:undefined disposed:false
363 http fetch GET 200 https://registry.npmjs.org/fast-uri 236ms (cache miss)
364 silly packumentCache full:https://registry.npmjs.org/fast-uri set size:undefined disposed:false
365 silly fetch manifest @types/react-dom@*
366 silly packumentCache full:https://registry.npmjs.org/@types%2freact-dom cache-miss
367 http cache https://registry.npmjs.org/@types%2freact-dom 6ms (cache hit)
368 silly packumentCache full:https://registry.npmjs.org/@types%2freact-dom set size:429026 disposed:false
369 silly placeDep ROOT @radix-ui/react-toggle@1.1.10 OK for: @prisma/studio-core@0.27.3 want: 1.1.10
370 silly placeDep ROOT chart.js@4.5.1 OK for: @prisma/studio-core@0.27.3 want: 4.5.1
371 silly fetch manifest @radix-ui/primitive@1.1.3
372 silly packumentCache full:https://registry.npmjs.org/@radix-ui%2fprimitive cache-miss
373 silly fetch manifest @radix-ui/react-primitive@2.1.3
374 silly packumentCache full:https://registry.npmjs.org/@radix-ui%2freact-primitive cache-miss
375 silly fetch manifest @radix-ui/react-use-controllable-state@1.2.2
376 silly packumentCache full:https://registry.npmjs.org/@radix-ui%2freact-use-controllable-state cache-miss
377 silly fetch manifest @kurkle/color@^0.3.0
378 silly packumentCache full:https://registry.npmjs.org/@kurkle%2fcolor cache-miss
379 http fetch GET 200 https://registry.npmjs.org/@radix-ui%2freact-primitive 74ms (cache miss)
380 silly packumentCache full:https://registry.npmjs.org/@radix-ui%2freact-primitive set size:undefined disposed:false
381 http fetch GET 200 https://registry.npmjs.org/@kurkle%2fcolor 223ms (cache miss)
382 silly packumentCache full:https://registry.npmjs.org/@kurkle%2fcolor set size:undefined disposed:false
383 http fetch GET 200 https://registry.npmjs.org/@radix-ui%2fprimitive 259ms (cache miss)
384 silly packumentCache full:https://registry.npmjs.org/@radix-ui%2fprimitive set size:undefined disposed:false
385 http fetch GET 200 https://registry.npmjs.org/@radix-ui%2freact-use-controllable-state 325ms (cache miss)
386 silly packumentCache full:https://registry.npmjs.org/@radix-ui%2freact-use-controllable-state set size:undefined disposed:false
387 silly fetch manifest @types/react@*
388 silly packumentCache full:https://registry.npmjs.org/@types%2freact cache-miss
389 http cache https://registry.npmjs.org/@types%2freact 8ms (cache hit)
390 silly packumentCache full:https://registry.npmjs.org/@types%2freact set size:2588964 disposed:false
391 silly fetch manifest react@^16.8 || ^17.0 || ^18.0 || ^19.0 || ^19.0.0-rc
392 silly packumentCache full:https://registry.npmjs.org/react cache-miss
393 http cache https://registry.npmjs.org/react 19ms (cache hit)
394 silly packumentCache full:https://registry.npmjs.org/react set size:6637568 disposed:false
395 silly fetch manifest react-dom@^16.8 || ^17.0 || ^18.0 || ^19.0 || ^19.0.0-rc
396 silly packumentCache full:https://registry.npmjs.org/react-dom cache-miss
397 http cache https://registry.npmjs.org/react-dom 19ms (cache hit)
398 silly packumentCache full:https://registry.npmjs.org/react-dom set size:8846320 disposed:false
399 silly placeDep ROOT @radix-ui/primitive@1.1.3 OK for: @radix-ui/react-toggle@1.1.10 want: 1.1.3
400 silly placeDep ROOT @radix-ui/react-primitive@2.1.3 OK for: @radix-ui/react-toggle@1.1.10 want: 2.1.3
401 silly placeDep ROOT @radix-ui/react-use-controllable-state@1.2.2 OK for: @radix-ui/react-toggle@1.1.10 want: 1.2.2
402 silly fetch manifest @radix-ui/react-slot@1.2.3
403 silly packumentCache full:https://registry.npmjs.org/@radix-ui%2freact-slot cache-miss
404 silly fetch manifest @radix-ui/react-use-effect-event@0.0.2
405 silly packumentCache full:https://registry.npmjs.org/@radix-ui%2freact-use-effect-event cache-miss
406 silly fetch manifest @radix-ui/react-use-layout-effect@1.1.1
407 silly packumentCache full:https://registry.npmjs.org/@radix-ui%2freact-use-layout-effect cache-miss
408 http fetch GET 200 https://registry.npmjs.org/@radix-ui%2freact-use-effect-event 49ms (cache miss)
409 silly packumentCache full:https://registry.npmjs.org/@radix-ui%2freact-use-effect-event set size:undefined disposed:false
410 http fetch GET 200 https://registry.npmjs.org/@radix-ui%2freact-use-layout-effect 254ms (cache miss)
411 silly packumentCache full:https://registry.npmjs.org/@radix-ui%2freact-use-layout-effect set size:undefined disposed:false
412 http fetch GET 200 https://registry.npmjs.org/@radix-ui%2freact-slot 888ms (cache miss)
413 silly packumentCache full:https://registry.npmjs.org/@radix-ui%2freact-slot set size:undefined disposed:false
414 silly placeDep ROOT @radix-ui/react-slot@1.2.3 OK for: @radix-ui/react-primitive@2.1.3 want: 1.2.3
415 silly fetch manifest @radix-ui/react-compose-refs@1.1.2
416 silly packumentCache full:https://registry.npmjs.org/@radix-ui%2freact-compose-refs cache-miss
417 http fetch GET 200 https://registry.npmjs.org/@radix-ui%2freact-compose-refs 63ms (cache miss)
418 silly packumentCache full:https://registry.npmjs.org/@radix-ui%2freact-compose-refs set size:undefined disposed:false
419 silly placeDep ROOT @radix-ui/react-compose-refs@1.1.2 OK for: @radix-ui/react-slot@1.2.3 want: 1.1.2
420 silly placeDep ROOT @radix-ui/react-use-effect-event@0.0.2 OK for: @radix-ui/react-use-controllable-state@1.2.2 want: 0.0.2
421 silly placeDep ROOT @radix-ui/react-use-layout-effect@1.1.1 OK for: @radix-ui/react-use-controllable-state@1.2.2 want: 1.1.1
422 silly placeDep ROOT chokidar@5.0.0 OK for: c12@3.3.4 want: ^5.0.0
423 silly placeDep ROOT confbox@0.2.4 OK for: c12@3.3.4 want: ^0.2.4
424 silly placeDep ROOT defu@6.1.7 OK for: c12@3.3.4 want: ^6.1.6
425 silly placeDep ROOT dotenv@17.4.2 OK for: c12@3.3.4 want: ^17.3.1
426 silly placeDep ROOT exsolve@1.0.8 OK for: c12@3.3.4 want: ^1.0.8
427 silly placeDep ROOT giget@3.2.0 OK for: c12@3.3.4 want: ^3.2.0
428 silly placeDep ROOT ohash@2.0.11 OK for: c12@3.3.4 want: ^2.0.11
429 silly placeDep ROOT perfect-debounce@2.1.0 OK for: c12@3.3.4 want: ^2.1.0
430 silly placeDep ROOT pkg-types@2.3.1 OK for: c12@3.3.4 want: ^2.3.0
431 silly placeDep ROOT rc9@3.0.1 OK for: c12@3.3.4 want: ^3.0.1
432 silly fetch manifest readdirp@^5.0.0
433 silly packumentCache full:https://registry.npmjs.org/readdirp cache-miss
434 silly fetch manifest destr@^2.0.5
435 silly packumentCache full:https://registry.npmjs.org/destr cache-miss
436 http fetch GET 200 https://registry.npmjs.org/readdirp 32ms (cache miss)
437 silly packumentCache full:https://registry.npmjs.org/readdirp set size:undefined disposed:false
438 http fetch GET 200 https://registry.npmjs.org/destr 153ms (cache miss)
439 silly packumentCache full:https://registry.npmjs.org/destr set size:undefined disposed:false
440 silly placeDep ROOT @kurkle/color@0.3.4 OK for: chart.js@4.5.1 want: ^0.3.0
441 silly placeDep ROOT readdirp@5.0.0 OK for: chokidar@5.0.0 want: ^5.0.0
442 silly placeDep ROOT @standard-schema/spec@1.1.0 OK for: effect@3.20.0 want: ^1.0.0
443 silly placeDep ROOT fast-check@3.23.2 OK for: effect@3.20.0 want: ^3.23.1
444 silly fetch manifest pure-rand@^6.1.0
445 silly packumentCache full:https://registry.npmjs.org/pure-rand cache-miss
446 http fetch GET 200 https://registry.npmjs.org/pure-rand 41ms (cache miss)
447 silly packumentCache full:https://registry.npmjs.org/pure-rand set size:undefined disposed:false
448 silly placeDep ROOT pure-rand@6.1.0 OK for: fast-check@3.23.2 want: ^6.1.0
449 silly placeDep ROOT signal-exit@4.1.0 OK for: foreground-child@3.3.1 want: ^4.0.1
450 silly placeDep ROOT aws-ssl-profiles@1.1.2 OK for: mysql2@3.15.3 want: ^1.1.1
451 silly placeDep ROOT denque@2.1.0 OK for: mysql2@3.15.3 want: ^2.1.0
452 silly placeDep ROOT generate-function@2.3.1 OK for: mysql2@3.15.3 want: ^2.3.1
453 silly placeDep ROOT iconv-lite@0.7.2 OK for: mysql2@3.15.3 want: ^0.7.0
454 silly placeDep node_modules/mysql2 long@5.3.2 OK for: mysql2@3.15.3 want: ^5.2.1
455 silly placeDep ROOT lru.min@1.1.4 OK for: mysql2@3.15.3 want: ^1.0.0
456 silly placeDep ROOT named-placeholders@1.1.6 OK for: mysql2@3.15.3 want: ^1.1.3
457 silly placeDep ROOT seq-queue@0.0.5 OK for: mysql2@3.15.3 want: ^0.0.5
458 silly placeDep ROOT sqlstring@2.3.3 OK for: mysql2@3.15.3 want: ^2.3.2
459 silly fetch manifest is-property@^1.0.2
460 silly packumentCache full:https://registry.npmjs.org/is-property cache-miss
461 silly fetch manifest safer-buffer@>= 2.1.2 < 3.0.0
462 silly packumentCache full:https://registry.npmjs.org/safer-buffer cache-miss
463 http fetch GET 200 https://registry.npmjs.org/is-property 24ms (cache miss)
464 silly packumentCache full:https://registry.npmjs.org/is-property set size:undefined disposed:false
465 http fetch GET 200 https://registry.npmjs.org/safer-buffer 30ms (cache miss)
466 silly packumentCache full:https://registry.npmjs.org/safer-buffer set size:undefined disposed:false
467 silly placeDep ROOT is-property@1.0.2 OK for: generate-function@2.3.1 want: ^1.0.2
468 silly placeDep ROOT safer-buffer@2.1.2 OK for: iconv-lite@0.7.2 want: >= 2.1.2 < 3.0.0
469 silly placeDep ROOT retry@0.12.0 OK for: proper-lockfile@4.1.2 want: ^0.12.0
470 silly placeDep node_modules/proper-lockfile signal-exit@3.0.7 OK for: proper-lockfile@4.1.2 want: ^3.0.2
471 silly placeDep ROOT destr@2.0.5 OK for: rc9@3.0.1 want: ^2.0.5
472 silly placeDep ROOT grammex@3.1.12 OK for: zeptomatch@2.1.0 want: ^3.1.11
473 silly placeDep ROOT graphmatch@1.1.1 OK for: zeptomatch@2.1.0 want: ^1.1.0
474 silly placeDep ROOT fast-uri@3.1.2 OK for: ajv@8.20.0 want: ^3.0.1
475 silly placeDep node_modules/@prisma/streams-local json-schema-traverse@1.0.0 OK for: ajv@8.20.0 want: ^1.0.0
476 silly placeDep ROOT require-from-string@2.0.2 OK for: ajv@8.20.0 want: ^2.0.2
477 silly reify moves {}
478 http cache fast-uri@https://registry.npmjs.org/fast-uri/-/fast-uri-3.1.2.tgz 0ms (cache hit)
479 http cache require-from-string@https://registry.npmjs.org/require-from-string/-/require-from-string-2.0.2.tgz 0ms (cache hit)
480 http cache graphmatch@https://registry.npmjs.org/graphmatch/-/graphmatch-1.1.1.tgz 0ms (cache hit)
481 http cache grammex@https://registry.npmjs.org/grammex/-/grammex-3.1.12.tgz 0ms (cache hit)
482 http cache destr@https://registry.npmjs.org/destr/-/destr-2.0.5.tgz 0ms (cache hit)
483 http cache retry@https://registry.npmjs.org/retry/-/retry-0.12.0.tgz 0ms (cache hit)
484 http cache safer-buffer@https://registry.npmjs.org/safer-buffer/-/safer-buffer-2.1.2.tgz 0ms (cache hit)
485 http cache is-property@https://registry.npmjs.org/is-property/-/is-property-1.0.2.tgz 0ms (cache hit)
486 http cache seq-queue@https://registry.npmjs.org/seq-queue/-/seq-queue-0.0.5.tgz 0ms (cache hit)
487 http cache named-placeholders@https://registry.npmjs.org/named-placeholders/-/named-placeholders-1.1.6.tgz 0ms (cache hit)
488 http cache sqlstring@https://registry.npmjs.org/sqlstring/-/sqlstring-2.3.3.tgz 0ms (cache hit)
489 http cache lru.min@https://registry.npmjs.org/lru.min/-/lru.min-1.1.4.tgz 0ms (cache hit)
490 http cache generate-function@https://registry.npmjs.org/generate-function/-/generate-function-2.3.1.tgz 0ms (cache hit)
491 http cache iconv-lite@https://registry.npmjs.org/iconv-lite/-/iconv-lite-0.7.2.tgz 0ms (cache hit)
492 http cache denque@https://registry.npmjs.org/denque/-/denque-2.1.0.tgz 0ms (cache hit)
493 http cache pure-rand@https://registry.npmjs.org/pure-rand/-/pure-rand-6.1.0.tgz 0ms (cache hit)
494 http cache aws-ssl-profiles@https://registry.npmjs.org/aws-ssl-profiles/-/aws-ssl-profiles-1.1.2.tgz 0ms (cache hit)
495 http cache @standard-schema/spec@https://registry.npmjs.org/@standard-schema/spec/-/spec-1.1.0.tgz 0ms (cache hit)
496 http cache signal-exit@https://registry.npmjs.org/signal-exit/-/signal-exit-4.1.0.tgz 0ms (cache hit)
497 http cache @kurkle/color@https://registry.npmjs.org/@kurkle/color/-/color-0.3.4.tgz 0ms (cache hit)
498 http cache readdirp@https://registry.npmjs.org/readdirp/-/readdirp-5.0.0.tgz 0ms (cache hit)
499 http cache fast-check@https://registry.npmjs.org/fast-check/-/fast-check-3.23.2.tgz 0ms (cache hit)
500 http cache pkg-types@https://registry.npmjs.org/pkg-types/-/pkg-types-2.3.1.tgz 0ms (cache hit)
501 http cache rc9@https://registry.npmjs.org/rc9/-/rc9-3.0.1.tgz 0ms (cache hit)
502 http cache giget@https://registry.npmjs.org/giget/-/giget-3.2.0.tgz 0ms (cache hit)
503 http cache ohash@https://registry.npmjs.org/ohash/-/ohash-2.0.11.tgz 0ms (cache hit)
504 http cache exsolve@https://registry.npmjs.org/exsolve/-/exsolve-1.0.8.tgz 0ms (cache hit)
505 http cache perfect-debounce@https://registry.npmjs.org/perfect-debounce/-/perfect-debounce-2.1.0.tgz 0ms (cache hit)
506 http cache defu@https://registry.npmjs.org/defu/-/defu-6.1.7.tgz 0ms (cache hit)
507 http cache confbox@https://registry.npmjs.org/confbox/-/confbox-0.2.4.tgz 0ms (cache hit)
508 http cache dotenv@https://registry.npmjs.org/dotenv/-/dotenv-17.4.2.tgz 0ms (cache hit)
509 http cache @radix-ui/react-use-effect-event@https://registry.npmjs.org/@radix-ui/react-use-effect-event/-/react-use-effect-event-0.0.2.tgz 0ms (cache hit)
510 http cache @radix-ui/react-compose-refs@https://registry.npmjs.org/@radix-ui/react-compose-refs/-/react-compose-refs-1.1.2.tgz 0ms (cache hit)
511 http cache @radix-ui/react-slot@https://registry.npmjs.org/@radix-ui/react-slot/-/react-slot-1.2.3.tgz 0ms (cache hit)
512 http cache chokidar@https://registry.npmjs.org/chokidar/-/chokidar-5.0.0.tgz 0ms (cache hit)
513 http cache @radix-ui/react-use-layout-effect@https://registry.npmjs.org/@radix-ui/react-use-layout-effect/-/react-use-layout-effect-1.1.1.tgz 0ms (cache hit)
514 http cache @radix-ui/react-use-controllable-state@https://registry.npmjs.org/@radix-ui/react-use-controllable-state/-/react-use-controllable-state-1.2.2.tgz 0ms (cache hit)
515 http cache @radix-ui/primitive@https://registry.npmjs.org/@radix-ui/primitive/-/primitive-1.1.3.tgz 0ms (cache hit)
516 http cache @radix-ui/react-primitive@https://registry.npmjs.org/@radix-ui/react-primitive/-/react-primitive-2.1.3.tgz 1ms (cache hit)
517 http cache @radix-ui/react-toggle@https://registry.npmjs.org/@radix-ui/react-toggle/-/react-toggle-1.1.10.tgz 0ms (cache hit)
518 http cache @prisma/fetch-engine@https://registry.npmjs.org/@prisma/fetch-engine/-/fetch-engine-7.8.0.tgz 0ms (cache hit)
519 http cache @prisma/engines-version@https://registry.npmjs.org/@prisma/engines-version/-/engines-version-7.8.0-6.3c6e192761c0362d496ed980de936e2f3cebcd3a.tgz 0ms (cache hit)
520 http cache chart.js@https://registry.npmjs.org/chart.js/-/chart.js-4.5.1.tgz 0ms (cache hit)
521 http cache env-paths@https://registry.npmjs.org/env-paths/-/env-paths-3.0.0.tgz 0ms (cache hit)
522 http cache @prisma/debug@https://registry.npmjs.org/@prisma/debug/-/debug-7.8.0.tgz 0ms (cache hit)
523 http cache better-result@https://registry.npmjs.org/better-result/-/better-result-2.9.2.tgz 0ms (cache hit)
524 http cache valibot@https://registry.npmjs.org/valibot/-/valibot-1.2.0.tgz 0ms (cache hit)
525 http cache zeptomatch@https://registry.npmjs.org/zeptomatch/-/zeptomatch-2.1.0.tgz 0ms (cache hit)
526 http cache std-env@https://registry.npmjs.org/std-env/-/std-env-3.10.0.tgz 0ms (cache hit)
527 http cache remeda@https://registry.npmjs.org/remeda/-/remeda-2.33.4.tgz 0ms (cache hit)
528 http cache proper-lockfile@https://registry.npmjs.org/proper-lockfile/-/proper-lockfile-4.1.2.tgz 0ms (cache hit)
529 http cache pathe@https://registry.npmjs.org/pathe/-/pathe-2.0.3.tgz 0ms (cache hit)
530 http cache http-status-codes@https://registry.npmjs.org/http-status-codes/-/http-status-codes-2.3.0.tgz 0ms (cache hit)
531 http cache @prisma/streams-local@https://registry.npmjs.org/@prisma/streams-local/-/streams-local-0.1.2.tgz 0ms (cache hit)
532 http cache get-port-please@https://registry.npmjs.org/get-port-please/-/get-port-please-3.2.0.tgz 0ms (cache hit)
533 http cache @prisma/get-platform@https://registry.npmjs.org/@prisma/get-platform/-/get-platform-7.2.0.tgz 0ms (cache hit)
534 http cache @prisma/query-plan-executor@https://registry.npmjs.org/@prisma/query-plan-executor/-/query-plan-executor-7.2.0.tgz 0ms (cache hit)
535 http cache hono@https://registry.npmjs.org/hono/-/hono-4.12.18.tgz 0ms (cache hit)
536 http cache @hono/node-server@https://registry.npmjs.org/@hono/node-server/-/node-server-1.19.11.tgz 0ms (cache hit)
537 http cache @electric-sql/pglite-tools@https://registry.npmjs.org/@electric-sql/pglite-tools/-/pglite-tools-0.3.1.tgz 0ms (cache hit)
538 http cache @electric-sql/pglite-socket@https://registry.npmjs.org/@electric-sql/pglite-socket/-/pglite-socket-0.1.1.tgz 0ms (cache hit)
539 http cache effect@https://registry.npmjs.org/effect/-/effect-3.20.0.tgz 0ms (cache hit)
540 http cache deepmerge-ts@https://registry.npmjs.org/deepmerge-ts/-/deepmerge-ts-7.1.5.tgz 0ms (cache hit)
541 http cache foreground-child@https://registry.npmjs.org/foreground-child/-/foreground-child-3.3.1.tgz 0ms (cache hit)
542 http cache empathic@https://registry.npmjs.org/empathic/-/empathic-2.0.0.tgz 0ms (cache hit)
543 http cache postgres@https://registry.npmjs.org/postgres/-/postgres-3.4.7.tgz 0ms (cache hit)
544 http cache c12@https://registry.npmjs.org/c12/-/c12-3.3.4.tgz 0ms (cache hit)
545 http cache mysql2@https://registry.npmjs.org/mysql2/-/mysql2-3.15.3.tgz 0ms (cache hit)
546 http cache @prisma/studio-core@https://registry.npmjs.org/@prisma/studio-core/-/studio-core-0.27.3.tgz 0ms (cache hit)
547 http cache @prisma/engines@https://registry.npmjs.org/@prisma/engines/-/engines-7.8.0.tgz 0ms (cache hit)
548 http cache @electric-sql/pglite@https://registry.npmjs.org/@electric-sql/pglite/-/pglite-0.4.1.tgz 0ms (cache hit)
549 http cache @prisma/dev@https://registry.npmjs.org/@prisma/dev/-/dev-0.24.3.tgz 0ms (cache hit)
550 http cache @prisma/client-runtime-utils@https://registry.npmjs.org/@prisma/client-runtime-utils/-/client-runtime-utils-7.8.0.tgz 0ms (cache hit)
551 http cache @prisma/config@https://registry.npmjs.org/@prisma/config/-/config-7.8.0.tgz 0ms (cache hit)
552 http cache @prisma/get-platform@https://registry.npmjs.org/@prisma/get-platform/-/get-platform-7.8.0.tgz 0ms (cache hit)
553 http cache signal-exit@https://registry.npmjs.org/signal-exit/-/signal-exit-3.0.7.tgz 0ms (cache hit)
554 http cache @prisma/client@https://registry.npmjs.org/@prisma/client/-/client-7.8.0.tgz 0ms (cache hit)
555 http cache json-schema-traverse@https://registry.npmjs.org/json-schema-traverse/-/json-schema-traverse-1.0.0.tgz 0ms (cache hit)
556 http cache ajv@https://registry.npmjs.org/ajv/-/ajv-8.20.0.tgz 0ms (cache hit)
557 http cache @prisma/debug@https://registry.npmjs.org/@prisma/debug/-/debug-7.2.0.tgz 0ms (cache hit)
558 http cache prisma@https://registry.npmjs.org/prisma/-/prisma-7.8.0.tgz 0ms (cache hit)
559 silly tarball no local data for fast-uri@https://registry.npmjs.org/fast-uri/-/fast-uri-3.1.2.tgz. Extracting by manifest.
560 silly tarball no local data for require-from-string@https://registry.npmjs.org/require-from-string/-/require-from-string-2.0.2.tgz. Extracting by manifest.
561 silly tarball no local data for graphmatch@https://registry.npmjs.org/graphmatch/-/graphmatch-1.1.1.tgz. Extracting by manifest.
562 http cache long@https://registry.npmjs.org/long/-/long-5.3.2.tgz 0ms (cache hit)
563 silly tarball no local data for grammex@https://registry.npmjs.org/grammex/-/grammex-3.1.12.tgz. Extracting by manifest.
564 silly tarball no local data for destr@https://registry.npmjs.org/destr/-/destr-2.0.5.tgz. Extracting by manifest.
565 silly tarball no local data for retry@https://registry.npmjs.org/retry/-/retry-0.12.0.tgz. Extracting by manifest.
566 silly tarball no local data for safer-buffer@https://registry.npmjs.org/safer-buffer/-/safer-buffer-2.1.2.tgz. Extracting by manifest.
567 silly tarball no local data for is-property@https://registry.npmjs.org/is-property/-/is-property-1.0.2.tgz. Extracting by manifest.
568 silly tarball no local data for seq-queue@https://registry.npmjs.org/seq-queue/-/seq-queue-0.0.5.tgz. Extracting by manifest.
569 silly tarball no local data for named-placeholders@https://registry.npmjs.org/named-placeholders/-/named-placeholders-1.1.6.tgz. Extracting by manifest.
570 silly tarball no local data for sqlstring@https://registry.npmjs.org/sqlstring/-/sqlstring-2.3.3.tgz. Extracting by manifest.
571 silly tarball no local data for lru.min@https://registry.npmjs.org/lru.min/-/lru.min-1.1.4.tgz. Extracting by manifest.
572 silly tarball no local data for generate-function@https://registry.npmjs.org/generate-function/-/generate-function-2.3.1.tgz. Extracting by manifest.
573 silly tarball no local data for iconv-lite@https://registry.npmjs.org/iconv-lite/-/iconv-lite-0.7.2.tgz. Extracting by manifest.
574 silly tarball no local data for denque@https://registry.npmjs.org/denque/-/denque-2.1.0.tgz. Extracting by manifest.
575 silly tarball no local data for pure-rand@https://registry.npmjs.org/pure-rand/-/pure-rand-6.1.0.tgz. Extracting by manifest.
576 silly tarball no local data for aws-ssl-profiles@https://registry.npmjs.org/aws-ssl-profiles/-/aws-ssl-profiles-1.1.2.tgz. Extracting by manifest.
577 silly tarball no local data for @standard-schema/spec@https://registry.npmjs.org/@standard-schema/spec/-/spec-1.1.0.tgz. Extracting by manifest.
578 silly tarball no local data for signal-exit@https://registry.npmjs.org/signal-exit/-/signal-exit-4.1.0.tgz. Extracting by manifest.
579 silly tarball no local data for @kurkle/color@https://registry.npmjs.org/@kurkle/color/-/color-0.3.4.tgz. Extracting by manifest.
580 http cache @prisma/get-platform@https://registry.npmjs.org/@prisma/get-platform/-/get-platform-7.8.0.tgz 0ms (cache hit)
581 silly tarball no local data for readdirp@https://registry.npmjs.org/readdirp/-/readdirp-5.0.0.tgz. Extracting by manifest.
582 silly tarball no local data for fast-check@https://registry.npmjs.org/fast-check/-/fast-check-3.23.2.tgz. Extracting by manifest.
583 silly tarball no local data for pkg-types@https://registry.npmjs.org/pkg-types/-/pkg-types-2.3.1.tgz. Extracting by manifest.
584 silly tarball no local data for rc9@https://registry.npmjs.org/rc9/-/rc9-3.0.1.tgz. Extracting by manifest.
585 silly tarball no local data for giget@https://registry.npmjs.org/giget/-/giget-3.2.0.tgz. Extracting by manifest.
586 silly tarball no local data for ohash@https://registry.npmjs.org/ohash/-/ohash-2.0.11.tgz. Extracting by manifest.
587 silly tarball no local data for exsolve@https://registry.npmjs.org/exsolve/-/exsolve-1.0.8.tgz. Extracting by manifest.
588 silly tarball no local data for perfect-debounce@https://registry.npmjs.org/perfect-debounce/-/perfect-debounce-2.1.0.tgz. Extracting by manifest.
589 silly tarball no local data for defu@https://registry.npmjs.org/defu/-/defu-6.1.7.tgz. Extracting by manifest.
590 silly tarball no local data for confbox@https://registry.npmjs.org/confbox/-/confbox-0.2.4.tgz. Extracting by manifest.
591 silly tarball no local data for dotenv@https://registry.npmjs.org/dotenv/-/dotenv-17.4.2.tgz. Extracting by manifest.
592 silly tarball no local data for @radix-ui/react-use-effect-event@https://registry.npmjs.org/@radix-ui/react-use-effect-event/-/react-use-effect-event-0.0.2.tgz. Extracting by manifest.
593 silly tarball no local data for @radix-ui/react-compose-refs@https://registry.npmjs.org/@radix-ui/react-compose-refs/-/react-compose-refs-1.1.2.tgz. Extracting by manifest.
594 silly tarball no local data for @radix-ui/react-slot@https://registry.npmjs.org/@radix-ui/react-slot/-/react-slot-1.2.3.tgz. Extracting by manifest.
595 silly tarball no local data for chokidar@https://registry.npmjs.org/chokidar/-/chokidar-5.0.0.tgz. Extracting by manifest.
596 silly tarball no local data for @radix-ui/react-use-layout-effect@https://registry.npmjs.org/@radix-ui/react-use-layout-effect/-/react-use-layout-effect-1.1.1.tgz. Extracting by manifest.
597 silly tarball no local data for @radix-ui/react-use-controllable-state@https://registry.npmjs.org/@radix-ui/react-use-controllable-state/-/react-use-controllable-state-1.2.2.tgz. Extracting by manifest.
598 silly tarball no local data for @radix-ui/primitive@https://registry.npmjs.org/@radix-ui/primitive/-/primitive-1.1.3.tgz. Extracting by manifest.
599 silly tarball no local data for @radix-ui/react-primitive@https://registry.npmjs.org/@radix-ui/react-primitive/-/react-primitive-2.1.3.tgz. Extracting by manifest.
600 silly tarball no local data for @radix-ui/react-toggle@https://registry.npmjs.org/@radix-ui/react-toggle/-/react-toggle-1.1.10.tgz. Extracting by manifest.
601 silly tarball no local data for @prisma/fetch-engine@https://registry.npmjs.org/@prisma/fetch-engine/-/fetch-engine-7.8.0.tgz. Extracting by manifest.
602 silly tarball no local data for @prisma/engines-version@https://registry.npmjs.org/@prisma/engines-version/-/engines-version-7.8.0-6.3c6e192761c0362d496ed980de936e2f3cebcd3a.tgz. Extracting by manifest.
603 silly tarball no local data for chart.js@https://registry.npmjs.org/chart.js/-/chart.js-4.5.1.tgz. Extracting by manifest.
604 silly tarball no local data for env-paths@https://registry.npmjs.org/env-paths/-/env-paths-3.0.0.tgz. Extracting by manifest.
605 silly tarball no local data for @prisma/debug@https://registry.npmjs.org/@prisma/debug/-/debug-7.8.0.tgz. Extracting by manifest.
606 silly tarball no local data for better-result@https://registry.npmjs.org/better-result/-/better-result-2.9.2.tgz. Extracting by manifest.
607 silly tarball no local data for valibot@https://registry.npmjs.org/valibot/-/valibot-1.2.0.tgz. Extracting by manifest.
608 silly tarball no local data for zeptomatch@https://registry.npmjs.org/zeptomatch/-/zeptomatch-2.1.0.tgz. Extracting by manifest.
609 silly tarball no local data for std-env@https://registry.npmjs.org/std-env/-/std-env-3.10.0.tgz. Extracting by manifest.
610 silly tarball no local data for remeda@https://registry.npmjs.org/remeda/-/remeda-2.33.4.tgz. Extracting by manifest.
611 silly tarball no local data for proper-lockfile@https://registry.npmjs.org/proper-lockfile/-/proper-lockfile-4.1.2.tgz. Extracting by manifest.
612 silly tarball no local data for pathe@https://registry.npmjs.org/pathe/-/pathe-2.0.3.tgz. Extracting by manifest.
613 silly tarball no local data for http-status-codes@https://registry.npmjs.org/http-status-codes/-/http-status-codes-2.3.0.tgz. Extracting by manifest.
614 silly tarball no local data for @prisma/streams-local@https://registry.npmjs.org/@prisma/streams-local/-/streams-local-0.1.2.tgz. Extracting by manifest.
615 silly tarball no local data for get-port-please@https://registry.npmjs.org/get-port-please/-/get-port-please-3.2.0.tgz. Extracting by manifest.
616 silly tarball no local data for @prisma/get-platform@https://registry.npmjs.org/@prisma/get-platform/-/get-platform-7.2.0.tgz. Extracting by manifest.
617 silly tarball no local data for @prisma/query-plan-executor@https://registry.npmjs.org/@prisma/query-plan-executor/-/query-plan-executor-7.2.0.tgz. Extracting by manifest.
618 silly tarball no local data for hono@https://registry.npmjs.org/hono/-/hono-4.12.18.tgz. Extracting by manifest.
619 silly tarball no local data for @hono/node-server@https://registry.npmjs.org/@hono/node-server/-/node-server-1.19.11.tgz. Extracting by manifest.
620 silly tarball no local data for @electric-sql/pglite-tools@https://registry.npmjs.org/@electric-sql/pglite-tools/-/pglite-tools-0.3.1.tgz. Extracting by manifest.
621 silly tarball no local data for @electric-sql/pglite-socket@https://registry.npmjs.org/@electric-sql/pglite-socket/-/pglite-socket-0.1.1.tgz. Extracting by manifest.
622 silly tarball no local data for effect@https://registry.npmjs.org/effect/-/effect-3.20.0.tgz. Extracting by manifest.
623 silly tarball no local data for deepmerge-ts@https://registry.npmjs.org/deepmerge-ts/-/deepmerge-ts-7.1.5.tgz. Extracting by manifest.
624 silly tarball no local data for foreground-child@https://registry.npmjs.org/foreground-child/-/foreground-child-3.3.1.tgz. Extracting by manifest.
625 silly tarball no local data for empathic@https://registry.npmjs.org/empathic/-/empathic-2.0.0.tgz. Extracting by manifest.
626 silly tarball no local data for postgres@https://registry.npmjs.org/postgres/-/postgres-3.4.7.tgz. Extracting by manifest.
627 silly tarball no local data for c12@https://registry.npmjs.org/c12/-/c12-3.3.4.tgz. Extracting by manifest.
628 silly tarball no local data for mysql2@https://registry.npmjs.org/mysql2/-/mysql2-3.15.3.tgz. Extracting by manifest.
629 silly tarball no local data for @prisma/studio-core@https://registry.npmjs.org/@prisma/studio-core/-/studio-core-0.27.3.tgz. Extracting by manifest.
630 silly tarball no local data for @prisma/engines@https://registry.npmjs.org/@prisma/engines/-/engines-7.8.0.tgz. Extracting by manifest.
631 silly tarball no local data for @electric-sql/pglite@https://registry.npmjs.org/@electric-sql/pglite/-/pglite-0.4.1.tgz. Extracting by manifest.
632 silly tarball no local data for @prisma/dev@https://registry.npmjs.org/@prisma/dev/-/dev-0.24.3.tgz. Extracting by manifest.
633 silly tarball no local data for @prisma/client-runtime-utils@https://registry.npmjs.org/@prisma/client-runtime-utils/-/client-runtime-utils-7.8.0.tgz. Extracting by manifest.
634 silly tarball no local data for @prisma/config@https://registry.npmjs.org/@prisma/config/-/config-7.8.0.tgz. Extracting by manifest.
635 silly tarball no local data for @prisma/get-platform@https://registry.npmjs.org/@prisma/get-platform/-/get-platform-7.8.0.tgz. Extracting by manifest.
636 silly tarball no local data for signal-exit@https://registry.npmjs.org/signal-exit/-/signal-exit-3.0.7.tgz. Extracting by manifest.
637 silly tarball no local data for @prisma/client@https://registry.npmjs.org/@prisma/client/-/client-7.8.0.tgz. Extracting by manifest.
638 silly tarball no local data for json-schema-traverse@https://registry.npmjs.org/json-schema-traverse/-/json-schema-traverse-1.0.0.tgz. Extracting by manifest.
639 silly tarball no local data for ajv@https://registry.npmjs.org/ajv/-/ajv-8.20.0.tgz. Extracting by manifest.
640 silly tarball no local data for @prisma/debug@https://registry.npmjs.org/@prisma/debug/-/debug-7.2.0.tgz. Extracting by manifest.
641 silly tarball no local data for prisma@https://registry.npmjs.org/prisma/-/prisma-7.8.0.tgz. Extracting by manifest.
642 silly tarball no local data for long@https://registry.npmjs.org/long/-/long-5.3.2.tgz. Extracting by manifest.
643 silly tarball no local data for @prisma/get-platform@https://registry.npmjs.org/@prisma/get-platform/-/get-platform-7.8.0.tgz. Extracting by manifest.
644 http fetch GET 200 https://registry.npmjs.org/retry/-/retry-0.12.0.tgz 168ms (cache miss)
645 http fetch GET 200 https://registry.npmjs.org/is-property/-/is-property-1.0.2.tgz 168ms (cache miss)
646 http fetch GET 200 https://registry.npmjs.org/require-from-string/-/require-from-string-2.0.2.tgz 172ms (cache miss)
647 http fetch GET 200 https://registry.npmjs.org/graphmatch/-/graphmatch-1.1.1.tgz 172ms (cache miss)
648 http fetch GET 200 https://registry.npmjs.org/grammex/-/grammex-3.1.12.tgz 172ms (cache miss)
649 http fetch GET 200 https://registry.npmjs.org/destr/-/destr-2.0.5.tgz 171ms (cache miss)
650 http fetch GET 200 https://registry.npmjs.org/named-placeholders/-/named-placeholders-1.1.6.tgz 172ms (cache miss)
651 http fetch GET 200 https://registry.npmjs.org/sqlstring/-/sqlstring-2.3.3.tgz 183ms (cache miss)
652 http fetch GET 200 https://registry.npmjs.org/rc9/-/rc9-3.0.1.tgz 176ms (cache miss)
653 http fetch GET 200 https://registry.npmjs.org/readdirp/-/readdirp-5.0.0.tgz 193ms (cache miss)
654 http fetch GET 200 https://registry.npmjs.org/ohash/-/ohash-2.0.11.tgz 199ms (cache miss)
655 http fetch GET 200 https://registry.npmjs.org/safer-buffer/-/safer-buffer-2.1.2.tgz 226ms (cache miss)
656 http fetch GET 200 https://registry.npmjs.org/pkg-types/-/pkg-types-2.3.1.tgz 223ms (cache miss)
657 http fetch GET 200 https://registry.npmjs.org/exsolve/-/exsolve-1.0.8.tgz 224ms (cache miss)
658 http fetch GET 200 https://registry.npmjs.org/perfect-debounce/-/perfect-debounce-2.1.0.tgz 225ms (cache miss)
659 http fetch GET 200 https://registry.npmjs.org/defu/-/defu-6.1.7.tgz 226ms (cache miss)
660 http fetch GET 200 https://registry.npmjs.org/@standard-schema/spec/-/spec-1.1.0.tgz 233ms (cache miss)
661 http fetch GET 200 https://registry.npmjs.org/seq-queue/-/seq-queue-0.0.5.tgz 246ms (cache miss)
662 http fetch GET 200 https://registry.npmjs.org/denque/-/denque-2.1.0.tgz 261ms (cache miss)
663 http fetch GET 200 https://registry.npmjs.org/generate-function/-/generate-function-2.3.1.tgz 278ms (cache miss)
664 http fetch GET 200 https://registry.npmjs.org/lru.min/-/lru.min-1.1.4.tgz 283ms (cache miss)
665 http fetch GET 200 https://registry.npmjs.org/@radix-ui/react-use-effect-event/-/react-use-effect-event-0.0.2.tgz 275ms (cache miss)
666 http fetch GET 200 https://registry.npmjs.org/@kurkle/color/-/color-0.3.4.tgz 289ms (cache miss)
667 http fetch GET 200 https://registry.npmjs.org/@radix-ui/react-compose-refs/-/react-compose-refs-1.1.2.tgz 283ms (cache miss)
668 http fetch GET 200 https://registry.npmjs.org/@radix-ui/react-toggle/-/react-toggle-1.1.10.tgz 283ms (cache miss)
669 http fetch GET 200 https://registry.npmjs.org/@radix-ui/react-use-layout-effect/-/react-use-layout-effect-1.1.1.tgz 289ms (cache miss)
670 http fetch GET 200 https://registry.npmjs.org/chokidar/-/chokidar-5.0.0.tgz 306ms (cache miss)
671 http fetch GET 200 https://registry.npmjs.org/@radix-ui/react-slot/-/react-slot-1.2.3.tgz 312ms (cache miss)
672 http fetch GET 200 https://registry.npmjs.org/aws-ssl-profiles/-/aws-ssl-profiles-1.1.2.tgz 326ms (cache miss)
673 http fetch GET 200 https://registry.npmjs.org/@radix-ui/react-use-controllable-state/-/react-use-controllable-state-1.2.2.tgz 323ms (cache miss)
674 http fetch GET 200 https://registry.npmjs.org/@radix-ui/react-primitive/-/react-primitive-2.1.3.tgz 328ms (cache miss)
675 http fetch GET 200 https://registry.npmjs.org/giget/-/giget-3.2.0.tgz 347ms (cache miss)
676 http fetch GET 200 https://registry.npmjs.org/dotenv/-/dotenv-17.4.2.tgz 344ms (cache miss)
677 http fetch GET 200 https://registry.npmjs.org/@radix-ui/primitive/-/primitive-1.1.3.tgz 352ms (cache miss)
678 http fetch GET 200 https://registry.npmjs.org/env-paths/-/env-paths-3.0.0.tgz 354ms (cache miss)
679 http fetch GET 200 https://registry.npmjs.org/zeptomatch/-/zeptomatch-2.1.0.tgz 381ms (cache miss)
680 http fetch GET 200 https://registry.npmjs.org/pathe/-/pathe-2.0.3.tgz 404ms (cache miss)
681 http fetch GET 200 https://registry.npmjs.org/@prisma/debug/-/debug-7.8.0.tgz 427ms (cache miss)
682 http fetch GET 200 https://registry.npmjs.org/proper-lockfile/-/proper-lockfile-4.1.2.tgz 425ms (cache miss)
683 http fetch GET 200 https://registry.npmjs.org/fast-uri/-/fast-uri-3.1.2.tgz 459ms (cache miss)
684 http fetch GET 200 https://registry.npmjs.org/confbox/-/confbox-0.2.4.tgz 455ms (cache miss)
685 http fetch GET 200 https://registry.npmjs.org/std-env/-/std-env-3.10.0.tgz 448ms (cache miss)
686 http fetch GET 200 https://registry.npmjs.org/signal-exit/-/signal-exit-4.1.0.tgz 467ms (cache miss)
687 http fetch GET 200 https://registry.npmjs.org/better-result/-/better-result-2.9.2.tgz 466ms (cache miss)
688 http fetch GET 200 https://registry.npmjs.org/iconv-lite/-/iconv-lite-0.7.2.tgz 530ms (cache miss)
689 http fetch GET 200 https://registry.npmjs.org/valibot/-/valibot-1.2.0.tgz 515ms (cache miss)
690 http fetch GET 200 https://registry.npmjs.org/@prisma/engines-version/-/engines-version-7.8.0-6.3c6e192761c0362d496ed980de936e2f3cebcd3a.tgz 545ms (cache miss)
691 http fetch GET 200 https://registry.npmjs.org/get-port-please/-/get-port-please-3.2.0.tgz 542ms (cache miss)
692 http fetch GET 200 https://registry.npmjs.org/http-status-codes/-/http-status-codes-2.3.0.tgz 636ms (cache miss)
693 http fetch GET 200 https://registry.npmjs.org/@prisma/fetch-engine/-/fetch-engine-7.8.0.tgz 655ms (cache miss)
694 http fetch GET 200 https://registry.npmjs.org/deepmerge-ts/-/deepmerge-ts-7.1.5.tgz 678ms (cache miss)
695 http fetch GET 200 https://registry.npmjs.org/@prisma/streams-local/-/streams-local-0.1.2.tgz 694ms (cache miss)
696 http fetch GET 200 https://registry.npmjs.org/c12/-/c12-3.3.4.tgz 710ms (cache miss)
697 http fetch GET 200 https://registry.npmjs.org/empathic/-/empathic-2.0.0.tgz 725ms (cache miss)
698 http fetch GET 200 https://registry.npmjs.org/@electric-sql/pglite-socket/-/pglite-socket-0.1.1.tgz 769ms (cache miss)
699 http fetch GET 200 https://registry.npmjs.org/pure-rand/-/pure-rand-6.1.0.tgz 838ms (cache miss)
700 http fetch GET 200 https://registry.npmjs.org/@hono/node-server/-/node-server-1.19.11.tgz 829ms (cache miss)
701 http fetch GET 200 https://registry.npmjs.org/foreground-child/-/foreground-child-3.3.1.tgz 842ms (cache miss)
702 http fetch GET 200 https://registry.npmjs.org/postgres/-/postgres-3.4.7.tgz 846ms (cache miss)
703 http fetch GET 200 https://registry.npmjs.org/@prisma/config/-/config-7.8.0.tgz 1024ms (cache miss)
704 http fetch GET 200 https://registry.npmjs.org/@prisma/client-runtime-utils/-/client-runtime-utils-7.8.0.tgz 1055ms (cache miss)
705 http fetch GET 200 https://registry.npmjs.org/@prisma/engines/-/engines-7.8.0.tgz 1221ms (cache miss)
706 http fetch GET 200 https://registry.npmjs.org/signal-exit/-/signal-exit-3.0.7.tgz 1393ms (cache miss)
707 http fetch GET 200 https://registry.npmjs.org/@electric-sql/pglite-tools/-/pglite-tools-0.3.1.tgz 1405ms (cache miss)
708 http fetch GET 200 https://registry.npmjs.org/json-schema-traverse/-/json-schema-traverse-1.0.0.tgz 1466ms (cache miss)
709 http fetch GET 200 https://registry.npmjs.org/@prisma/get-platform/-/get-platform-7.8.0.tgz 1673ms (cache miss)
710 http fetch GET 200 https://registry.npmjs.org/@prisma/debug/-/debug-7.2.0.tgz 1780ms (cache miss)
711 http fetch GET 200 https://registry.npmjs.org/mysql2/-/mysql2-3.15.3.tgz 1793ms (cache miss)
712 http fetch GET 200 https://registry.npmjs.org/@prisma/get-platform/-/get-platform-7.2.0.tgz 1960ms (cache miss)
713 http fetch GET 200 https://registry.npmjs.org/long/-/long-5.3.2.tgz 1962ms (cache miss)
714 http fetch GET 200 https://registry.npmjs.org/@prisma/query-plan-executor/-/query-plan-executor-7.2.0.tgz 2003ms (cache miss)
715 http fetch GET 200 https://registry.npmjs.org/chart.js/-/chart.js-4.5.1.tgz 2137ms (cache miss)
716 http fetch GET 200 https://registry.npmjs.org/@prisma/get-platform/-/get-platform-7.8.0.tgz 2120ms (cache miss)
717 http fetch GET 200 https://registry.npmjs.org/remeda/-/remeda-2.33.4.tgz 2507ms (cache miss)
718 http fetch GET 200 https://registry.npmjs.org/hono/-/hono-4.12.18.tgz 2866ms (cache miss)
719 http fetch GET 200 https://registry.npmjs.org/ajv/-/ajv-8.20.0.tgz 3051ms (cache miss)
720 http fetch GET 200 https://registry.npmjs.org/fast-check/-/fast-check-3.23.2.tgz 3813ms (cache miss)
721 http fetch GET 200 https://registry.npmjs.org/@prisma/dev/-/dev-0.24.3.tgz 7420ms (cache miss)
722 http fetch GET 200 https://registry.npmjs.org/effect/-/effect-3.20.0.tgz 8315ms (cache miss)
723 http fetch GET 200 https://registry.npmjs.org/@electric-sql/pglite/-/pglite-0.4.1.tgz 12007ms (cache miss)
724 http fetch GET 200 https://registry.npmjs.org/@prisma/studio-core/-/studio-core-0.27.3.tgz 12867ms (cache miss)
725 http fetch GET 200 https://registry.npmjs.org/prisma/-/prisma-7.8.0.tgz 15832ms (cache miss)
726 http fetch GET 200 https://registry.npmjs.org/@prisma/client/-/client-7.8.0.tgz 17974ms (cache miss)
727 silly ADD node_modules/require-from-string
728 silly ADD node_modules/fast-uri
729 silly ADD node_modules/graphmatch
730 silly ADD node_modules/grammex
731 silly ADD node_modules/destr
732 silly ADD node_modules/retry
733 silly ADD node_modules/safer-buffer
734 silly ADD node_modules/is-property
735 silly ADD node_modules/sqlstring
736 silly ADD node_modules/seq-queue
737 silly ADD node_modules/named-placeholders
738 silly ADD node_modules/lru.min
739 silly ADD node_modules/iconv-lite
740 silly ADD node_modules/generate-function
741 silly ADD node_modules/denque
742 silly ADD node_modules/aws-ssl-profiles
743 silly ADD node_modules/signal-exit
744 silly ADD node_modules/pure-rand
745 silly ADD node_modules/fast-check
746 silly ADD node_modules/@standard-schema/spec
747 silly ADD node_modules/readdirp
748 silly ADD node_modules/@kurkle/color
749 silly ADD node_modules/rc9
750 silly ADD node_modules/pkg-types
751 silly ADD node_modules/perfect-debounce
752 silly ADD node_modules/ohash
753 silly ADD node_modules/giget
754 silly ADD node_modules/exsolve
755 silly ADD node_modules/dotenv
756 silly ADD node_modules/defu
757 silly ADD node_modules/confbox
758 silly ADD node_modules/chokidar
759 silly ADD node_modules/@radix-ui/react-use-layout-effect
760 silly ADD node_modules/@radix-ui/react-use-effect-event
761 silly ADD node_modules/@radix-ui/react-compose-refs
762 silly ADD node_modules/@radix-ui/react-slot
763 silly ADD node_modules/@radix-ui/react-use-controllable-state
764 silly ADD node_modules/@radix-ui/react-primitive
765 silly ADD node_modules/@radix-ui/primitive
766 silly ADD node_modules/chart.js
767 silly ADD node_modules/@radix-ui/react-toggle
768 silly ADD node_modules/env-paths
769 silly ADD node_modules/better-result
770 silly ADD node_modules/@prisma/fetch-engine
771 silly ADD node_modules/@prisma/fetch-engine/node_modules/@prisma/get-platform
772 silly ADD node_modules/@prisma/engines-version
773 silly ADD node_modules/@prisma/debug
774 silly ADD node_modules/zeptomatch
775 silly ADD node_modules/valibot
776 silly ADD node_modules/std-env
777 silly ADD node_modules/remeda
778 silly ADD node_modules/proper-lockfile
779 silly ADD node_modules/proper-lockfile/node_modules/signal-exit
780 silly ADD node_modules/pathe
781 silly ADD node_modules/http-status-codes
782 silly ADD node_modules/get-port-please
783 silly ADD node_modules/foreground-child
784 silly ADD node_modules/@prisma/streams-local
785 silly ADD node_modules/@prisma/streams-local/node_modules/json-schema-traverse
786 silly ADD node_modules/@prisma/streams-local/node_modules/ajv
787 silly ADD node_modules/@prisma/query-plan-executor
788 silly ADD node_modules/@prisma/get-platform
789 silly ADD node_modules/@prisma/get-platform/node_modules/@prisma/debug
790 silly ADD node_modules/hono
791 silly ADD node_modules/@hono/node-server
792 silly ADD node_modules/@electric-sql/pglite-tools
793 silly ADD node_modules/@electric-sql/pglite-socket
794 silly ADD node_modules/@electric-sql/pglite
795 silly ADD node_modules/empathic
796 silly ADD node_modules/effect
797 silly ADD node_modules/deepmerge-ts
798 silly ADD node_modules/c12
799 silly ADD node_modules/postgres
800 silly ADD node_modules/mysql2
801 silly ADD node_modules/mysql2/node_modules/long
802 silly ADD node_modules/@prisma/studio-core
803 silly ADD node_modules/@prisma/engines
804 silly ADD node_modules/@prisma/engines/node_modules/@prisma/get-platform
805 silly ADD node_modules/@prisma/dev
806 silly ADD node_modules/@prisma/config
807 silly ADD node_modules/@prisma/client-runtime-utils
808 silly ADD node_modules/prisma
809 silly ADD node_modules/@prisma/client
810 verbose cwd C:\Users\USER\Desktop\evo\web
811 verbose os Windows_NT 10.0.26200
812 verbose node v24.15.0
813 verbose npm  v11.12.1
814 verbose exit 0
815 info ok
