0 verbose cli C:\Program Files\nodejs\node.exe C:\Program Files\nodejs\node_modules\npm\bin\npm-cli.js
1 info using npm@11.12.1
2 info using node@v24.15.0
3 silly config load:file:C:\Program Files\nodejs\node_modules\npm\npmrc
4 silly config load:file:C:\Users\USER\Desktop\evo\.npmrc
5 silly config load:file:C:\Users\USER\.npmrc
6 silly config load:file:C:\Users\USER\Desktop\evo\.appdata\npm\etc\npmrc
7 verbose title npm create next-app@16.2.4 web --ts --tailwind --eslint --app --src-dir --import-alias @/*
8 verbose argv "create" "next-app@16.2.4" "web" "--" "--ts" "--tailwind" "--eslint" "--app" "--src-dir" "--import-alias" "@/*"
9 verbose logfile logs-max:10 dir:C:\Users\USER\Desktop\evo\.npm-cache\_logs\2026-05-06T12_49_22_314Z-
10 verbose logfile C:\Users\USER\Desktop\evo\.npm-cache\_logs\2026-05-06T12_49_22_314Z-debug-0.log
11 silly logfile done cleaning log files
12 silly packumentCache heap:4496293888 maxSize:1124073472 maxEntrySize:562036736
13 http fetch GET 200 https://registry.npmjs.org/create-next-app 78ms (cache revalidated)
14 silly packumentCache heap:4496293888 maxSize:1124073472 maxEntrySize:562036736
15 verbose cwd C:\Users\USER\Desktop\evo
16 verbose os Windows_NT 10.0.26200
17 verbose node v24.15.0
18 verbose npm  v11.12.1
19 verbose exit 0
20 info ok
